TN:
SF:classifyTriangle.js
FN:1,classifyTriangle
FNF:1
FNH:1
FNDA:33,classifyTriangle
DA:3,33
DA:4,6
DA:8,27
DA:9,5
DA:13,22
DA:14,7
DA:15,15
DA:16,8
DA:18,7
DA:22,1
LF:10
LH:10
BRDA:3,0,0,6
BRDA:3,0,1,27
BRDA:3,1,0,33
BRDA:3,1,1,32
BRDA:3,1,2,31
BRDA:3,1,3,30
BRDA:3,1,4,29
BRDA:3,1,5,28
BRDA:8,2,0,5
BRDA:8,2,1,22
BRDA:8,3,0,27
BRDA:8,3,1,25
BRDA:8,3,2,24
BRDA:13,4,0,7
BRDA:13,4,1,15
BRDA:13,5,0,22
BRDA:13,5,1,11
BRDA:15,6,0,8
BRDA:15,6,1,7
BRDA:15,7,0,15
BRDA:15,7,1,11
BRDA:15,7,2,10
BRF:22
BRH:22
end_of_record
